<?xml version="1.0"?><coverage lines-covered="644" lines-valid="668" line-rate="0.9640718562874252" branches-covered="0" branches-valid="0" branch-rate="0" complexity="0" version="1.9" timestamp="1774278830"><sources><source>/Users/jagadeesh/personal/projects/new/Fluxora-Contracts</source></sources><packages><package name="contracts/stream/src" line-rate="0.9640718562874252" branch-rate="0" complexity="0"><classes><class name="accrual" filename="contracts/stream/src/accrual.rs" line-rate="0.9230769230769231" branch-rate="0" complexity="0"><methods/><lines><line number="12" hits="428"/><line number="20" hits="428"/><line number="21" hits="32"/><line number="24" hits="791"/><line number="25" hits="2"/><line number="28" hits="1576"/><line number="29" hits="1182"/><line number="30" hits="788"/><line number="31" hits="0"/><line number="34" hits="1182"/><line number="35" hits="786"/><line number="36" hits="1"/><line number="39" hits="1576"/></lines></class><class name="lib" filename="contracts/stream/src/lib.rs" line-rate="0.9597902097902098" branch-rate="0" complexity="0"><methods/><lines><line number="191" hits="3089"/><line number="192" hits="3089"/><line number="194" hits="3089"/><line number="197" hits="864"/><line number="198" hits="1728"/><line number="199" hits="864"/><line number="201" hits="1728"/><line number="205" hits="831"/><line number="206" hits="831"/><line number="209" hits="19"/><line number="210" hits="19"/><line number="213" hits="612"/><line number="214" hits="1224"/><line number="215" hits="612"/><line number="217" hits="1224"/><line number="221" hits="608"/><line number="222" hits="2432"/><line number="223" hits="1216"/><line number="226" hits="646"/><line number="227" hits="1292"/><line number="228" hits="646"/><line number="230" hits="1292"/><line number="234" hits="1094"/><line number="235" hits="2188"/><line number="236" hits="3252"/><line number="239" hits="2188"/><line number="240" hits="2203"/><line number="243" hits="2158"/><line number="244" hits="1079"/><line number="249" hits="1079"/><line number="252" hits="912"/><line number="253" hits="1824"/><line number="254" hits="3648"/><line number="257" hits="1824"/><line number="258" hits="912"/><line number="264" hits="6"/><line number="265" hits="12"/><line number="266" hits="18"/><line number="274" hits="643"/><line number="275" hits="1286"/><line number="276" hits="1929"/><line number="279" hits="1286"/><line number="280" hits="1231"/><line number="283" hits="990"/><line number="284" hits="694"/><line number="285" hits="347"/><line number="286" hits="347"/><line number="287" hits="347"/><line number="291" hits="643"/><line number="295" hits="614"/><line number="296" hits="1228"/><line number="297" hits="2456"/><line number="300" hits="1228"/><line number="301" hits="614"/><line number="309" hits="608"/><line number="310" hits="2432"/><line number="313" hits="1824"/><line number="314" hits="24682"/><line number="315" hits="11429"/><line number="316" hits="0"/><line number="317" hits="0"/><line number="319" hits="11429"/><line number="322" hits="2432"/><line number="323" hits="2432"/><line number="327" hits="6"/><line number="328" hits="24"/><line number="331" hits="12"/><line number="332" hits="32"/><line number="333" hits="7"/><line number="334" hits="6"/><line number="335" hits="6"/><line number="339" hits="18"/><line number="340" hits="24"/><line number="341" hits="18"/><line number="361" hits="612"/><line number="362" hits="2448"/><line number="363" hits="3060"/><line number="378" hits="217"/><line number="379" hits="868"/><line number="380" hits="1085"/><line number="389" hits="648"/><line number="400" hits="1301"/><line number="401" hits="1291"/><line number="404" hits="638"/><line number="405" hits="638"/><line number="406" hits="4"/><line number="410" hits="1273"/><line number="411" hits="629"/><line number="412" hits="629"/><line number="413" hits="4"/><line number="415" hits="625"/><line number="416" hits="1246"/><line number="417" hits="7"/><line number="421" hits="1236"/><line number="422" hits="1236"/><line number="423" hits="1236"/><line number="425" hits="618"/><line number="426" hits="618"/><line number="427" hits="7"/><line number="432" hits="608"/><line number="442" hits="1824"/><line number="443" hits="1824"/><line number="447" hits="1824"/><line number="448" hits="1824"/><line number="459" hits="1824"/><line number="462" hits="2432"/><line number="464" hits="1216"/><line number="465" hits="608"/><line number="466" hits="608"/><line number="467" hits="1216"/><line number="468" hits="1216"/><line number="469" hits="1216"/><line number="470" hits="1216"/><line number="471" hits="1216"/><line number="472" hits="1216"/><line number="473" hits="608"/><line number="474" hits="608"/><line number="478" hits="608"/><line number="512" hits="364"/><line number="513" hits="1092"/><line number="514" hits="20"/><line number="516" hits="708"/><line number="517" hits="1416"/><line number="518" hits="1416"/><line number="521" hits="708"/><line number="600" hits="641"/><line number="610" hits="1282"/><line number="611" hits="1282"/><line number="612" hits="3"/><line number="616" hits="640"/><line number="617" hits="640"/><line number="618" hits="640"/><line number="619" hits="640"/><line number="620" hits="1280"/><line number="621" hits="640"/><line number="622" hits="640"/><line number="623" hits="640"/><line number="629" hits="2560"/><line number="633" hits="640"/><line number="634" hits="640"/><line number="635" hits="640"/><line number="636" hits="640"/><line number="637" hits="640"/><line number="638" hits="640"/><line number="639" hits="640"/><line number="640" hits="640"/><line number="658" hits="5"/><line number="663" hits="10"/><line number="664" hits="10"/><line number="665" hits="0"/><line number="668" hits="15"/><line number="671" hits="22"/><line number="673" hits="12"/><line number="674" hits="12"/><line number="675" hits="12"/><line number="676" hits="12"/><line number="677" hits="18"/><line number="678" hits="12"/><line number="679" hits="12"/><line number="680" hits="12"/><line number="682" hits="12"/><line number="683" hits="18"/><line number="684" hits="6"/><line number="688" hits="7"/><line number="689" hits="10"/><line number="690" hits="8"/><line number="694" hits="15"/><line number="695" hits="16"/><line number="697" hits="6"/><line number="698" hits="9"/><line number="699" hits="6"/><line number="700" hits="6"/><line number="701" hits="6"/><line number="702" hits="6"/><line number="703" hits="6"/><line number="704" hits="6"/><line number="706" hits="6"/><line number="709" hits="5"/><line number="738" hits="49"/><line number="739" hits="146"/><line number="740" hits="96"/><line number="741" hits="4"/><line number="744" hits="96"/><line number="746" hits="48"/><line number="747" hits="8"/><line number="750" hits="44"/><line number="751" hits="44"/><line number="752" hits="1"/><line number="755" hits="43"/><line number="756" hits="129"/><line number="758" hits="86"/><line number="759" hits="43"/><line number="760" hits="43"/><line number="762" hits="43"/><line number="792" hits="30"/><line number="793" hits="151"/><line number="794" hits="3"/><line number="796" hits="60"/><line number="798" hits="30"/><line number="799" hits="6"/><line number="800" hits="4"/><line number="801" hits="4"/><line number="802" hits="23"/><line number="805" hits="23"/><line number="806" hits="69"/><line number="808" hits="46"/><line number="809" hits="23"/><line number="810" hits="23"/><line number="812" hits="23"/><line number="868" hits="55"/><line number="869" hits="220"/><line number="870" hits="108"/><line number="871" hits="162"/><line number="873" hits="270"/><line number="874" hits="108"/><line number="878" hits="54"/><line number="879" hits="54"/><line number="880" hits="162"/><line number="882" hits="99"/><line number="883" hits="135"/><line number="886" hits="108"/><line number="887" hits="54"/><line number="888" hits="54"/><line number="890" hits="54"/><line number="947" hits="179"/><line number="948" hits="716"/><line number="951" hits="356"/><line number="953" hits="178"/><line number="954" hits="178"/><line number="955" hits="5"/><line number="958" hits="173"/><line number="959" hits="173"/><line number="960" hits="5"/><line number="963" hits="840"/><line number="964" hits="336"/><line number="969" hits="168"/><line number="970" hits="15"/><line number="975" hits="153"/><line number="976" hits="306"/><line number="977" hits="202"/><line number="978" hits="49"/><line number="980" hits="459"/><line number="982" hits="612"/><line number="984" hits="306"/><line number="985" hits="153"/><line number="986" hits="153"/><line number="987" hits="306"/><line number="988" hits="306"/><line number="989" hits="153"/><line number="993" hits="202"/><line number="994" hits="147"/><line number="995" hits="49"/><line number="996" hits="49"/><line number="1000" hits="153"/><line number="1026" hits="6"/><line number="1031" hits="24"/><line number="1033" hits="12"/><line number="1035" hits="6"/><line number="1036" hits="12"/><line number="1037" hits="2"/><line number="1040" hits="4"/><line number="1041" hits="4"/><line number="1042" hits="0"/><line number="1045" hits="4"/><line number="1046" hits="4"/><line number="1047" hits="0"/><line number="1050" hits="20"/><line number="1051" hits="8"/><line number="1053" hits="4"/><line number="1054" hits="1"/><line number="1057" hits="3"/><line number="1058" hits="6"/><line number="1059" hits="4"/><line number="1060" hits="1"/><line number="1062" hits="9"/><line number="1064" hits="12"/><line number="1066" hits="6"/><line number="1067" hits="3"/><line number="1068" hits="3"/><line number="1069" hits="6"/><line number="1070" hits="9"/><line number="1071" hits="6"/><line number="1072" hits="3"/><line number="1076" hits="4"/><line number="1077" hits="3"/><line number="1078" hits="1"/><line number="1079" hits="1"/><line number="1083" hits="3"/><line number="1107" hits="6"/><line number="1112" hits="12"/><line number="1114" hits="18"/><line number="1116" hits="23"/><line number="1117" hits="44"/><line number="1119" hits="11"/><line number="1120" hits="11"/><line number="1121" hits="1"/><line number="1124" hits="10"/><line number="1125" hits="10"/><line number="1126" hits="0"/><line number="1129" hits="20"/><line number="1130" hits="0"/><line number="1132" hits="50"/><line number="1133" hits="20"/><line number="1136" hits="10"/><line number="1137" hits="10"/><line number="1138" hits="20"/><line number="1139" hits="11"/><line number="1140" hits="1"/><line number="1142" hits="30"/><line number="1144" hits="40"/><line number="1146" hits="20"/><line number="1147" hits="10"/><line number="1148" hits="10"/><line number="1149" hits="20"/><line number="1150" hits="20"/><line number="1151" hits="10"/><line number="1155" hits="11"/><line number="1156" hits="3"/><line number="1157" hits="1"/><line number="1158" hits="1"/><line number="1163" hits="30"/><line number="1164" hits="10"/><line number="1165" hits="10"/><line number="1169" hits="5"/><line number="1215" hits="326"/><line number="1216" hits="1304"/><line number="1218" hits="325"/><line number="1219" hits="2"/><line number="1222" hits="646"/><line number="1223" hits="66"/><line number="1225" hits="602"/><line number="1228" hits="646"/><line number="1229" hits="646"/><line number="1230" hits="646"/><line number="1231" hits="646"/><line number="1232" hits="646"/><line number="1233" hits="323"/><line number="1234" hits="323"/><line number="1252" hits="8"/><line number="1253" hits="32"/><line number="1256" hits="13"/><line number="1257" hits="2"/><line number="1260" hits="25"/><line number="1261" hits="10"/><line number="1264" hits="10"/><line number="1294" hits="10"/><line number="1299" hits="40"/><line number="1301" hits="9"/><line number="1302" hits="1"/><line number="1305" hits="16"/><line number="1307" hits="8"/><line number="1308" hits="6"/><line number="1310" hits="6"/><line number="1315" hits="8"/><line number="1316" hits="8"/><line number="1317" hits="8"/><line number="1318" hits="8"/><line number="1319" hits="8"/><line number="1320" hits="8"/><line number="1323" hits="16"/><line number="1324" hits="16"/><line number="1345" hits="11"/><line number="1346" hits="22"/><line number="1382" hits="3"/><line number="1383" hits="9"/><line number="1384" hits="9"/><line number="1387" hits="6"/><line number="1390" hits="9"/><line number="1391" hits="12"/><line number="1394" hits="6"/><line number="1397" hits="3"/><line number="1398" hits="12"/><line number="1402" hits="3"/><line number="1403" hits="6"/><line number="1404" hits="3"/><line number="1406" hits="9"/><line number="1407" hits="6"/><line number="1444" hits="380"/><line number="1445" hits="1900"/><line number="1452" hits="4"/><line number="1453" hits="8"/><line number="1478" hits="3"/><line number="1483" hits="12"/><line number="1486" hits="6"/><line number="1489" hits="3"/><line number="1490" hits="3"/><line number="1491" hits="0"/><line number="1494" hits="6"/><line number="1496" hits="6"/><line number="1498" hits="3"/><line number="1499" hits="3"/><line number="1500" hits="1"/><line number="1504" hits="4"/><line number="1505" hits="4"/><line number="1506" hits="4"/><line number="1508" hits="2"/><line number="1509" hits="2"/><line number="1510" hits="1"/><line number="1513" hits="1"/><line number="1514" hits="3"/><line number="1516" hits="2"/><line number="1517" hits="1"/><line number="1518" hits="1"/><line number="1519" hits="2"/><line number="1520" hits="2"/><line number="1521" hits="2"/><line number="1522" hits="1"/><line number="1526" hits="1"/><line number="1558" hits="3"/><line number="1563" hits="12"/><line number="1566" hits="6"/><line number="1569" hits="3"/><line number="1570" hits="3"/><line number="1571" hits="0"/><line number="1574" hits="9"/><line number="1577" hits="3"/><line number="1578" hits="3"/><line number="1579" hits="1"/><line number="1583" hits="2"/><line number="1584" hits="2"/><line number="1585" hits="0"/><line number="1589" hits="2"/><line number="1590" hits="2"/><line number="1591" hits="0"/><line number="1593" hits="2"/><line number="1594" hits="2"/><line number="1595" hits="0"/><line number="1599" hits="4"/><line number="1600" hits="4"/><line number="1601" hits="2"/><line number="1602" hits="4"/><line number="1607" hits="2"/><line number="1608" hits="2"/><line number="1609" hits="0"/><line number="1612" hits="4"/><line number="1613" hits="4"/><line number="1614" hits="4"/><line number="1616" hits="2"/><line number="1617" hits="2"/><line number="1618" hits="6"/><line number="1620" hits="4"/><line number="1621" hits="6"/><line number="1624" hits="4"/><line number="1625" hits="2"/><line number="1626" hits="2"/><line number="1627" hits="4"/><line number="1628" hits="4"/><line number="1629" hits="2"/><line number="1630" hits="2"/><line number="1634" hits="2"/><line number="1663" hits="2"/><line number="1668" hits="8"/><line number="1671" hits="4"/><line number="1674" hits="2"/><line number="1675" hits="2"/><line number="1676" hits="0"/><line number="1679" hits="6"/><line number="1682" hits="2"/><line number="1683" hits="2"/><line number="1684" hits="0"/><line number="1688" hits="2"/><line number="1689" hits="2"/><line number="1690" hits="0"/><line number="1692" hits="2"/><line number="1693" hits="2"/><line number="1694" hits="0"/><line number="1696" hits="2"/><line number="1697" hits="2"/><line number="1698" hits="0"/><line number="1702" hits="4"/><line number="1703" hits="4"/><line number="1704" hits="2"/><line number="1705" hits="4"/><line number="1708" hits="2"/><line number="1709" hits="2"/><line number="1710" hits="1"/><line number="1713" hits="2"/><line number="1714" hits="1"/><line number="1715" hits="3"/><line number="1717" hits="2"/><line number="1718" hits="1"/><line number="1719" hits="1"/><line number="1720" hits="2"/><line number="1721" hits="1"/><line number="1722" hits="1"/><line number="1726" hits="1"/><line number="1761" hits="10"/><line number="1762" hits="20"/><line number="1764" hits="22"/><line number="1766" hits="24"/><line number="1767" hits="16"/><line number="1768" hits="0"/><line number="1771" hits="8"/><line number="1772" hits="9"/><line number="1773" hits="1"/><line number="1777" hits="28"/><line number="1780" hits="14"/><line number="1781" hits="14"/><line number="1782" hits="21"/><line number="1783" hits="7"/><line number="1785" hits="21"/><line number="1787" hits="14"/><line number="1788" hits="7"/><line number="1789" hits="7"/><line number="1790" hits="14"/><line number="1791" hits="7"/><line number="1792" hits="7"/><line number="1833" hits="9"/><line number="1834" hits="36"/><line number="1836" hits="8"/><line number="1837" hits="8"/><line number="1838" hits="2"/><line number="1841" hits="12"/><line number="1842" hits="6"/><line number="1843" hits="6"/><line number="1847" hits="24"/><line number="1848" hits="18"/><line number="1850" hits="6"/><line number="1867" hits="0"/><line number="1868" hits="0"/><line number="1910" hits="23"/><line number="1911" hits="69"/><line number="1936" hits="6"/><line number="1937" hits="12"/><line number="1943" hits="139"/><line number="1944" hits="278"/><line number="1947" hits="52"/><line number="1948" hits="62"/><line number="1949" hits="9"/><line number="1995" hits="5"/><line number="1996" hits="15"/><line number="1997" hits="10"/><line number="1999" hits="20"/><line number="2001" hits="4"/><line number="2002" hits="4"/><line number="2003" hits="0"/><line number="2006" hits="20"/><line number="2007" hits="8"/><line number="2011" hits="4"/><line number="2012" hits="4"/><line number="2013" hits="12"/><line number="2015" hits="8"/><line number="2016" hits="12"/><line number="2019" hits="8"/><line number="2020" hits="4"/><line number="2021" hits="4"/><line number="2023" hits="4"/><line number="2050" hits="8"/><line number="2051" hits="24"/><line number="2052" hits="16"/><line number="2054" hits="32"/><line number="2056" hits="7"/><line number="2057" hits="7"/><line number="2058" hits="1"/><line number="2061" hits="6"/><line number="2062" hits="18"/><line number="2064" hits="12"/><line number="2065" hits="6"/><line number="2066" hits="6"/><line number="2068" hits="6"/><line number="2095" hits="3"/><line number="2096" hits="6"/><line number="2097" hits="12"/><line number="2099" hits="2"/><line number="2100" hits="2"/><line number="2101" hits="0"/><line number="2104" hits="2"/><line number="2105" hits="6"/><line number="2107" hits="4"/><line number="2108" hits="2"/><line number="2109" hits="2"/><line number="2111" hits="2"/></lines></class><class name="test" filename="contracts/stream/src/test.rs" line-rate="1" branch-rate="0" complexity="0"><methods/><lines><line number="28" hits="291"/><line number="29" hits="582"/><line number="30" hits="582"/><line number="33" hits="1455"/><line number="36" hits="873"/><line number="37" hits="873"/><line number="38" hits="582"/><line number="41" hits="873"/><line number="42" hits="873"/><line number="43" hits="873"/><line number="46" hits="1164"/><line number="47" hits="1164"/><line number="50" hits="1164"/><line number="51" hits="1164"/><line number="65" hits="14"/><line number="66" hits="28"/><line number="68" hits="70"/><line number="70" hits="42"/><line number="71" hits="42"/><line number="72" hits="28"/><line number="75" hits="42"/><line number="76" hits="42"/><line number="77" hits="42"/><line number="79" hits="56"/><line number="80" hits="56"/><line number="82" hits="56"/><line number="86" hits="42"/><line number="87" hits="28"/><line number="88" hits="14"/><line number="89" hits="28"/><line number="90" hits="28"/><line number="91" hits="42"/><line number="92" hits="14"/><line number="95" hits="56"/><line number="108" hits="1268"/><line number="109" hits="3804"/><line number="112" hits="135"/><line number="113" hits="405"/><line number="117" hits="139"/><line number="118" hits="278"/><line number="119" hits="278"/><line number="120" hits="139"/><line number="121" hits="139"/><line number="122" hits="139"/><line number="123" hits="139"/><line number="124" hits="139"/><line number="125" hits="139"/><line number="126" hits="139"/><line number="131" hits="16"/><line number="132" hits="32"/><line number="133" hits="32"/><line number="134" hits="16"/><line number="135" hits="16"/><line number="136" hits="16"/><line number="137" hits="16"/><line number="138" hits="16"/><line number="139" hits="16"/><line number="140" hits="16"/><line number="144" hits="2"/><line number="145" hits="4"/><line number="146" hits="4"/><line number="147" hits="2"/><line number="148" hits="2"/><line number="149" hits="2"/><line number="150" hits="2"/><line number="151" hits="2"/><line number="152" hits="2"/><line number="153" hits="2"/><line number="157" hits="1"/><line number="158" hits="2"/><line number="159" hits="2"/><line number="160" hits="1"/><line number="161" hits="1"/><line number="162" hits="1"/><line number="163" hits="1"/><line number="164" hits="1"/><line number="165" hits="1"/><line number="166" hits="1"/><line number="2764" hits="4"/><line number="2765" hits="12"/><line number="2766" hits="22"/><line number="2767" hits="12"/><line number="2769" hits="4"/></lines></class></classes></package></packages></coverage>